20/Dec/2022 15:13:28  Build version: 2022.4 Release from 2022-04-26 (change 967892)

20/Dec/2022 15:13:28  Starting adaptive port meshing.
                      
                      ------------------------------------------------------------------------------
20/Dec/2022 15:13:28  Mode calculation for port 1:
                      
                      ------------------------------------------------------------------------------

                      ------------------------------------------------------------------------------

                      ------------------------------------------------------------------------------
20/Dec/2022 15:13:32  Using generalized port mode solver.
                      
                      ------------------------------------------------------------------------------
20/Dec/2022 15:13:32    -------------------------------- F-Calc 1.5 --------------------------------
                        Port   Mode   Type        Z-Wave        Z-Wave-Sigma  Z-Line        F-Cutoff
                        1      1      TEM         377           0             64.9          0.0
                        ----------------------------------------------------------------------------
                      
20/Dec/2022 15:13:33  Pass 1 successfully completed. 

                      ------------------------------------------------------------------------------

                      ------------------------------------------------------------------------------
20/Dec/2022 15:13:37    -------------------------------- F-Calc 1.5 --------------------------------
                        Port   Mode   Type        Z-Wave        Z-Wave-Sigma  Z-Line        F-Cutoff
                        1      1      TEM         376           1.16          78.6          0.0
                        ----------------------------------------------------------------------------
                      
20/Dec/2022 15:13:37  Pass 2 successfully completed. Delta (Line Imp.): 17.47%

                      ------------------------------------------------------------------------------

                      ------------------------------------------------------------------------------
20/Dec/2022 15:13:42    -------------------------------- F-Calc 1.5 --------------------------------
                        Port   Mode   Type        Z-Wave        Z-Wave-Sigma  Z-Line        F-Cutoff
                        1      1      TEM         378           4.6           69.7          0.0
                        ----------------------------------------------------------------------------
                      
20/Dec/2022 15:13:43  Pass 3 successfully completed. Delta (Line Imp.): 12.85%

                      ------------------------------------------------------------------------------

                      ------------------------------------------------------------------------------
20/Dec/2022 15:13:48    -------------------------------- F-Calc 1.5 --------------------------------
                        Port   Mode   Type        Z-Wave        Z-Wave-Sigma  Z-Line        F-Cutoff
                        1      1      TEM         375           8.45          69.7          0.0
                        ----------------------------------------------------------------------------
                      
20/Dec/2022 15:13:49  Pass 4 successfully completed. Delta (Line Imp.): 0.02%
20/Dec/2022 15:13:49  Adaptive port meshing finished. 
                      
                      ------------------------------------------------------------------------------
20/Dec/2022 15:13:49  *** Warning ***
                      
                      This software is licensed for personal and educational purposes only.
                      
                      ------------------------------------------------------------------------------
20/Dec/2022 15:13:49  The following farfield monitor(s) have been adjusted to model box [-29.9217,
                      29.9233, -1.21553, 91.4715, -17.3619, 3.3071].
                        farfield (f=1), farfield (f=1.5), farfield (f=2). More...
                      
                      ------------------------------------------------------------------------------
20/Dec/2022 15:13:50  
                      Solver started at: 03:13 PM Tuesday, 20. December 2022 (Bangladesh Standard Time)
                      
                        Module:  Time Domain: S-Parameter (Win 64)
                        Version: 2022.4 Release from 2022-04-26 (change 967892)
                      

                      ------------------------------------------------------------------------------

                      ------------------------------------------------------------------------------
20/Dec/2022 15:13:50  ======================================================================
                       Solver cycle: 1
                      ======================================================================
                      
                      Stimulation at port 1 (mode 1) 
                      
                      
                      
                      ------------------------------------------------------------------------------
20/Dec/2022 15:13:50  Units settings: 
                      
                        Dimensions: mm
                        Frequency:  GHz
                        Time:       ns
                      
                      ------------------------------------------------------------------------------
20/Dec/2022 15:13:50  The dispersive material update [Automatic] will be performed using the "Standard" update schema
                      
                      ------------------------------------------------------------------------------
20/Dec/2022 15:13:58  Mesh statistics:
                      
                         Hexahedral mesh type: PERFECT BOUNDARY APPROXIMATION (PBA) (R)
                            Version: default
                      
                         Parallelization type: domain decomposition
                            Number of parallel working threads: 1
                            Number of calculation domains used: 1
                      
                         Used point accuracy enhancement value: 75.00%.
                         Acceleration mode: CPU
                         PBA fill limit: 99.00% (inverse)

20/Dec/2022 15:14:00  Using generalized port mode solver.
                      
                      ------------------------------------------------------------------------------
20/Dec/2022 15:14:00  Boundary conditions: 
                      
                        YZsymmetry: none
                        XZsymmetry: none
                        XYsymmetry: none
                      
                        Xmin: expanded open, 4 Layer, depth 47.3553 mm
                        Xmax: expanded open, 4 Layer, depth 47.9384 mm
                      
                        Ymin: expanded open, 4 Layer, depth 49.7268 mm
                        Ymax: expanded open, 4 Layer, depth 47.2757 mm
                      
                        Zmin: expanded open, 4 Layer, depth 53.0717 mm
                        Zmax: expanded open, 4 Layer, depth 47.4981 mm
                      
                        PML-Type: Convolution PML
                      
                      ------------------------------------------------------------------------------
20/Dec/2022 15:14:00  Frequency settings: 
                      
                        Fmin:         1
                        Fmax:         2
                        Nfsteps(lin): 1001
                      
                      ------------------------------------------------------------------------------
20/Dec/2022 15:14:01  Field update statistics:
                      
                        Number of components in total: 	172338
                        Number of TST elements:		92
                        Number of disp. elements:		2860
                      
                      Subcycling state:      Automatically deactivated
                      
                      ------------------------------------------------------------------------------
20/Dec/2022 15:14:01  Waveguide boundaries:
                      
20/Dec/2022 15:14:01  Port: 1
                      
20/Dec/2022 15:14:01    -------------------------------- F-Calc 1.5 --------------------------------
                        Port   Mode   Type        Z-Wave        Z-Wave-Sigma  Z-Line        F-Cutoff
                        1      1      TEM         377           5.68e-014     69.7          0.0
                        ----------------------------------------------------------------------------
                      
20/Dec/2022 15:14:21  
                      --------------------------------------------------------------------------------
20/Dec/2022 15:14:21  Steady state energy criterion met, solver finished successfully.
                      
                      ------------------------------------------------------------------------------
20/Dec/2022 15:14:21  Frequency domain results normalized to default signal.
                      
                      
                      ------------------------------------------------------------------------------
20/Dec/2022 15:14:21  
                        ----------------------------------------------------------------------------
                                            Peak memory used (kB)         Free physical memory (kB) 
                                                                          At begin     Minimum      
                        ----------------------------------------------------------------------------
                        CAD preparation     18560                         3699484      3699484      
                        Matrices calc.      42968                         3677734      3644531      
                        Solver run total    58708                         3724316      3644804      
                        ----------------------------------------------------------------------------
                      
                      --------------------------------------------------------------------------------
                      Solver Statistics:
                      
                        Hardware:
                           Computer name:                 	abirAlFoysal 
                      
                           Number of CPU threads:               4
                           Hardware info:                  	Hardware Accelerator Device not activated
                      
                        Number of mesh cells:             	27265
                        Excitation duration:              	7.10909750e+000 ns 
                        Calculation time for excitation:  	0 	s
                        Number of calculated pulse widths:	2.73636 
                        Steady state accuracy limit:      	-40	dB 
                        Simulated number of time steps:   	8775 
                        Maximum number of time steps:     	64136 
                        Time step width:
                           without subcycles:             	2.216873042e-003 ns
                           used:                          	2.216873042e-003 ns
                      
                        CAD preparation time:             	0      	s
                        Matrix calculation time:          	8 	s
                        Solver setup time:                	4 	s
                        Solver loop time:                 	16 	s
                        Solver post-processing time:      	1 	s
                                                          	------------
                        Total solver time:                	29 	s
                      
                      ------------------------------------------------------------------------------
20/Dec/2022 15:14:21  
                        Adaptive port meshing time:          	23     	s
                        Total solver time (all cycles):      	29     	s
                        Solver initialization and clean-up:  	2      	s
                                                             	------------
                        Total simulation time:               	54     	s
                      
                      ------------------------------------------------------------------------------
20/Dec/2022 15:14:21  Solver finished at: 03:14 PM Tuesday, 20. December 2022
                      
                      
                      
                      ------------------------------------------------------------------------------
20/Dec/2022 15:14:48  Creating parametric 1D results for Run ID 1
                      
                      ------------------------------------------------------------------------------
