Port monitor named: Port1_h1.prt

nx        = 17
ny        = 17
nz        = 4

nu        = 15
nv        = 15
iu        = 2
iv        = 2

idir      = 2
dcut      = -9.000000e-003
icut      = 2
type      = 1
frequency = 1.500000e+009

fcutoff   = 0.000000e+000
alpha     = 0.000000e+000
beta      = 3.149258e+001
accuracy  = 3.894463e-012

type          = TEM
wave imp.     = 3.753749e+002
wave imp.sig. = 8.446770e+000
line imp.     = 6.967845e+001

ref. port     = 0

0.000000e+000  0.000000e+000  0.000000e+000  0.000000e+000  0.000000e+000  1.939740e+001  2.052068e+001  2.088808e+001  2.052068e+001  1.939740e+001  0.000000e+000  0.000000e+000  0.000000e+000  0.000000e+000  0.000000e+000  
0.000000e+000  0.000000e+000  1.533940e+001  1.745138e+001  2.053528e+001  2.378525e+001  2.620486e+001  2.712049e+001  2.620486e+001  2.378525e+001  2.053528e+001  1.745138e+001  1.533940e+001  0.000000e+000  0.000000e+000  
0.000000e+000  1.322743e+001  1.533940e+001  1.851867e+001  2.276523e+001  2.754083e+001  3.149831e+001  3.310667e+001  3.149831e+001  2.754083e+001  2.276523e+001  1.851867e+001  1.533940e+001  1.322743e+001  0.000000e+000  
0.000000e+000  1.118820e+001  1.427210e+001  1.851866e+001  2.446614e+001  3.211454e+001  3.914089e+001  4.230957e+001  3.914089e+001  3.211454e+001  2.446614e+001  1.851866e+001  1.427210e+001  1.118820e+001  0.000000e+000  
0.000000e+000  8.792170e+000  1.204214e+001  1.681774e+001  2.446614e+001  3.731029e+001  5.064114e+001  5.784983e+001  5.064114e+001  3.731029e+001  2.446614e+001  1.681774e+001  1.204214e+001  8.792171e+000  0.000000e+000  
0.000000e+000  5.866929e+000  8.286548e+000  1.224403e+001  1.927038e+001  3.731029e+001  0.000000e+000  0.000000e+000  0.000000e+000  3.731029e+001  1.927039e+001  1.224403e+001  8.286549e+000  5.866930e+000  0.000000e+000  
0.000000e+000  2.077469e+000  2.993093e+000  4.601451e+000  7.770131e+000  0.000000e+000  0.000000e+000  0.000000e+000  0.000000e+000  0.000000e+000  7.770131e+000  4.601451e+000  2.993094e+000  2.077470e+000  0.000000e+000  
0.000000e+000  -2.077470e+000  -2.993094e+000  -4.601452e+000  -7.770132e+000  0.000000e+000  0.000000e+000  0.000000e+000  0.000000e+000  0.000000e+000  -7.770132e+000  -4.601452e+000  -2.993095e+000  -2.077470e+000  0.000000e+000  
0.000000e+000  -5.866930e+000  -8.286549e+000  -1.224403e+001  -1.927039e+001  -3.731029e+001  0.000000e+000  0.000000e+000  0.000000e+000  -3.731029e+001  -1.927039e+001  -1.224403e+001  -8.286550e+000  -5.866930e+000  0.000000e+000  
0.000000e+000  -8.792171e+000  -1.204214e+001  -1.681774e+001  -2.446614e+001  -3.731029e+001  -5.064115e+001  -5.784984e+001  -5.064115e+001  -3.731029e+001  -2.446614e+001  -1.681775e+001  -1.204214e+001  -8.792172e+000  0.000000e+000  
0.000000e+000  -1.118820e+001  -1.427210e+001  -1.851866e+001  -2.446614e+001  -3.211454e+001  -3.914089e+001  -4.230957e+001  -3.914089e+001  -3.211454e+001  -2.446614e+001  -1.851867e+001  -1.427210e+001  -1.118820e+001  0.000000e+000  
0.000000e+000  -1.322743e+001  -1.533940e+001  -1.851867e+001  -2.276523e+001  -2.754083e+001  -3.149832e+001  -3.310667e+001  -3.149832e+001  -2.754083e+001  -2.276523e+001  -1.851867e+001  -1.533940e+001  -1.322743e+001  0.000000e+000  
0.000000e+000  0.000000e+000  -1.533940e+001  -1.745138e+001  -2.053528e+001  -2.378525e+001  -2.620487e+001  -2.712049e+001  -2.620487e+001  -2.378525e+001  -2.053528e+001  -1.745138e+001  -1.533940e+001  0.000000e+000  0.000000e+000  
0.000000e+000  0.000000e+000  0.000000e+000  0.000000e+000  0.000000e+000  -1.939740e+001  -2.052069e+001  -2.088809e+001  -2.052069e+001  -1.939740e+001  0.000000e+000  0.000000e+000  0.000000e+000  0.000000e+000  0.000000e+000  
0.000000e+000  0.000000e+000  0.000000e+000  0.000000e+000  0.000000e+000  0.000000e+000  0.000000e+000  0.000000e+000  0.000000e+000  0.000000e+000  0.000000e+000  0.000000e+000  0.000000e+000  0.000000e+000  0.000000e+000  

0.000000e+000  0.000000e+000  0.000000e+000  0.000000e+000  0.000000e+000  0.000000e+000  0.000000e+000  0.000000e+000  0.000000e+000  0.000000e+000  0.000000e+000  0.000000e+000  0.000000e+000  0.000000e+000  0.000000e+000  
0.000000e+000  0.000000e+000  -1.322743e+001  -1.118820e+001  -8.792170e+000  -5.866929e+000  -2.077469e+000  2.077470e+000  5.866930e+000  8.792171e+000  1.118820e+001  1.322743e+001  0.000000e+000  0.000000e+000  0.000000e+000  
0.000000e+000  -1.533940e+001  -1.533940e+001  -1.427210e+001  -1.204214e+001  -8.286548e+000  -2.993093e+000  2.993094e+000  8.286549e+000  1.204214e+001  1.427210e+001  1.533940e+001  1.533940e+001  0.000000e+000  0.000000e+000  
0.000000e+000  -1.745138e+001  -1.851867e+001  -1.851866e+001  -1.681774e+001  -1.224403e+001  -4.601451e+000  4.601452e+000  1.224403e+001  1.681774e+001  1.851866e+001  1.851867e+001  1.745138e+001  0.000000e+000  0.000000e+000  
0.000000e+000  -2.053528e+001  -2.276523e+001  -2.446614e+001  -2.446614e+001  -1.927038e+001  -7.770131e+000  7.770132e+000  1.927039e+001  2.446614e+001  2.446614e+001  2.276523e+001  2.053528e+001  0.000000e+000  0.000000e+000  
-1.939740e+001  -2.378525e+001  -2.754083e+001  -3.211454e+001  -3.731029e+001  -3.731029e+001  0.000000e+000  0.000000e+000  3.731029e+001  3.731029e+001  3.211454e+001  2.754083e+001  2.378525e+001  1.939740e+001  0.000000e+000  
-2.052068e+001  -2.620486e+001  -3.149831e+001  -3.914089e+001  -5.064114e+001  0.000000e+000  0.000000e+000  0.000000e+000  0.000000e+000  5.064115e+001  3.914089e+001  3.149832e+001  2.620487e+001  2.052069e+001  0.000000e+000  
-2.088808e+001  -2.712049e+001  -3.310667e+001  -4.230957e+001  -5.784983e+001  0.000000e+000  0.000000e+000  0.000000e+000  0.000000e+000  5.784984e+001  4.230957e+001  3.310667e+001  2.712049e+001  2.088809e+001  0.000000e+000  
-2.052068e+001  -2.620486e+001  -3.149831e+001  -3.914089e+001  -5.064114e+001  0.000000e+000  0.000000e+000  0.000000e+000  0.000000e+000  5.064115e+001  3.914089e+001  3.149832e+001  2.620487e+001  2.052069e+001  0.000000e+000  
-1.939740e+001  -2.378525e+001  -2.754083e+001  -3.211454e+001  -3.731029e+001  -3.731029e+001  0.000000e+000  0.000000e+000  3.731029e+001  3.731029e+001  3.211454e+001  2.754083e+001  2.378525e+001  1.939740e+001  0.000000e+000  
0.000000e+000  -2.053528e+001  -2.276523e+001  -2.446614e+001  -2.446614e+001  -1.927039e+001  -7.770131e+000  7.770132e+000  1.927039e+001  2.446614e+001  2.446614e+001  2.276523e+001  2.053528e+001  0.000000e+000  0.000000e+000  
0.000000e+000  -1.745138e+001  -1.851867e+001  -1.851866e+001  -1.681774e+001  -1.224403e+001  -4.601451e+000  4.601452e+000  1.224403e+001  1.681775e+001  1.851867e+001  1.851867e+001  1.745138e+001  0.000000e+000  0.000000e+000  
0.000000e+000  -1.533940e+001  -1.533940e+001  -1.427210e+001  -1.204214e+001  -8.286549e+000  -2.993094e+000  2.993095e+000  8.286550e+000  1.204214e+001  1.427210e+001  1.533940e+001  1.533940e+001  0.000000e+000  0.000000e+000  
0.000000e+000  0.000000e+000  -1.322743e+001  -1.118820e+001  -8.792171e+000  -5.866930e+000  -2.077470e+000  2.077470e+000  5.866930e+000  8.792172e+000  1.118820e+001  1.322743e+001  0.000000e+000  0.000000e+000  0.000000e+000  
0.000000e+000  0.000000e+000  0.000000e+000  0.000000e+000  0.000000e+000  0.000000e+000  0.000000e+000  0.000000e+000  0.000000e+000  0.000000e+000  0.000000e+000  0.000000e+000  0.000000e+000  0.000000e+000  0.000000e+000  

0.000000e+000  0.000000e+000  0.000000e+000  0.000000e+000  0.000000e+000  0.000000e+000  0.000000e+000  0.000000e+000  0.000000e+000  0.000000e+000  0.000000e+000  0.000000e+000  0.000000e+000  0.000000e+000  0.000000e+000  
0.000000e+000  0.000000e+000  0.000000e+000  0.000000e+000  0.000000e+000  0.000000e+000  0.000000e+000  0.000000e+000  0.000000e+000  0.000000e+000  0.000000e+000  0.000000e+000  0.000000e+000  0.000000e+000  0.000000e+000  
0.000000e+000  0.000000e+000  0.000000e+000  0.000000e+000  0.000000e+000  0.000000e+000  0.000000e+000  0.000000e+000  0.000000e+000  0.000000e+000  0.000000e+000  0.000000e+000  0.000000e+000  0.000000e+000  0.000000e+000  
0.000000e+000  0.000000e+000  0.000000e+000  0.000000e+000  0.000000e+000  0.000000e+000  0.000000e+000  0.000000e+000  0.000000e+000  0.000000e+000  0.000000e+000  0.000000e+000  0.000000e+000  0.000000e+000  0.000000e+000  
0.000000e+000  0.000000e+000  0.000000e+000  0.000000e+000  0.000000e+000  0.000000e+000  0.000000e+000  0.000000e+000  0.000000e+000  0.000000e+000  0.000000e+000  0.000000e+000  0.000000e+000  0.000000e+000  0.000000e+000  
0.000000e+000  0.000000e+000  0.000000e+000  0.000000e+000  0.000000e+000  0.000000e+000  0.000000e+000  0.000000e+000  0.000000e+000  0.000000e+000  0.000000e+000  0.000000e+000  0.000000e+000  0.000000e+000  0.000000e+000  
0.000000e+000  0.000000e+000  0.000000e+000  0.000000e+000  0.000000e+000  0.000000e+000  0.000000e+000  0.000000e+000  0.000000e+000  0.000000e+000  0.000000e+000  0.000000e+000  0.000000e+000  0.000000e+000  0.000000e+000  
0.000000e+000  0.000000e+000  0.000000e+000  0.000000e+000  0.000000e+000  0.000000e+000  0.000000e+000  0.000000e+000  0.000000e+000  0.000000e+000  0.000000e+000  0.000000e+000  0.000000e+000  0.000000e+000  0.000000e+000  
0.000000e+000  0.000000e+000  0.000000e+000  0.000000e+000  0.000000e+000  0.000000e+000  0.000000e+000  0.000000e+000  0.000000e+000  0.000000e+000  0.000000e+000  0.000000e+000  0.000000e+000  0.000000e+000  0.000000e+000  
0.000000e+000  0.000000e+000  0.000000e+000  0.000000e+000  0.000000e+000  0.000000e+000  0.000000e+000  0.000000e+000  0.000000e+000  0.000000e+000  0.000000e+000  0.000000e+000  0.000000e+000  0.000000e+000  0.000000e+000  
0.000000e+000  0.000000e+000  0.000000e+000  0.000000e+000  0.000000e+000  0.000000e+000  0.000000e+000  0.000000e+000  0.000000e+000  0.000000e+000  0.000000e+000  0.000000e+000  0.000000e+000  0.000000e+000  0.000000e+000  
0.000000e+000  0.000000e+000  0.000000e+000  0.000000e+000  0.000000e+000  0.000000e+000  0.000000e+000  0.000000e+000  0.000000e+000  0.000000e+000  0.000000e+000  0.000000e+000  0.000000e+000  0.000000e+000  0.000000e+000  
0.000000e+000  0.000000e+000  0.000000e+000  0.000000e+000  0.000000e+000  0.000000e+000  0.000000e+000  0.000000e+000  0.000000e+000  0.000000e+000  0.000000e+000  0.000000e+000  0.000000e+000  0.000000e+000  0.000000e+000  
0.000000e+000  0.000000e+000  0.000000e+000  0.000000e+000  0.000000e+000  0.000000e+000  0.000000e+000  0.000000e+000  0.000000e+000  0.000000e+000  0.000000e+000  0.000000e+000  0.000000e+000  0.000000e+000  0.000000e+000  
0.000000e+000  0.000000e+000  0.000000e+000  0.000000e+000  0.000000e+000  0.000000e+000  0.000000e+000  0.000000e+000  0.000000e+000  0.000000e+000  0.000000e+000  0.000000e+000  0.000000e+000  0.000000e+000  0.000000e+000  

0.000000e+000  0.000000e+000  0.000000e+000  0.000000e+000  0.000000e+000  0.000000e+000  0.000000e+000  0.000000e+000  0.000000e+000  0.000000e+000  0.000000e+000  0.000000e+000  0.000000e+000  0.000000e+000  0.000000e+000  
0.000000e+000  0.000000e+000  0.000000e+000  0.000000e+000  0.000000e+000  0.000000e+000  0.000000e+000  0.000000e+000  0.000000e+000  0.000000e+000  0.000000e+000  0.000000e+000  0.000000e+000  0.000000e+000  0.000000e+000  
0.000000e+000  0.000000e+000  0.000000e+000  0.000000e+000  0.000000e+000  0.000000e+000  0.000000e+000  0.000000e+000  0.000000e+000  0.000000e+000  0.000000e+000  0.000000e+000  0.000000e+000  0.000000e+000  0.000000e+000  
0.000000e+000  0.000000e+000  0.000000e+000  0.000000e+000  0.000000e+000  0.000000e+000  0.000000e+000  0.000000e+000  0.000000e+000  0.000000e+000  0.000000e+000  0.000000e+000  0.000000e+000  0.000000e+000  0.000000e+000  
0.000000e+000  0.000000e+000  0.000000e+000  0.000000e+000  0.000000e+000  0.000000e+000  0.000000e+000  0.000000e+000  0.000000e+000  0.000000e+000  0.000000e+000  0.000000e+000  0.000000e+000  0.000000e+000  0.000000e+000  
0.000000e+000  0.000000e+000  0.000000e+000  0.000000e+000  0.000000e+000  0.000000e+000  0.000000e+000  0.000000e+000  0.000000e+000  0.000000e+000  0.000000e+000  0.000000e+000  0.000000e+000  0.000000e+000  0.000000e+000  
0.000000e+000  0.000000e+000  0.000000e+000  0.000000e+000  0.000000e+000  0.000000e+000  0.000000e+000  0.000000e+000  0.000000e+000  0.000000e+000  0.000000e+000  0.000000e+000  0.000000e+000  0.000000e+000  0.000000e+000  
0.000000e+000  0.000000e+000  0.000000e+000  0.000000e+000  0.000000e+000  0.000000e+000  0.000000e+000  0.000000e+000  0.000000e+000  0.000000e+000  0.000000e+000  0.000000e+000  0.000000e+000  0.000000e+000  0.000000e+000  
0.000000e+000  0.000000e+000  0.000000e+000  0.000000e+000  0.000000e+000  0.000000e+000  0.000000e+000  0.000000e+000  0.000000e+000  0.000000e+000  0.000000e+000  0.000000e+000  0.000000e+000  0.000000e+000  0.000000e+000  
0.000000e+000  0.000000e+000  0.000000e+000  0.000000e+000  0.000000e+000  0.000000e+000  0.000000e+000  0.000000e+000  0.000000e+000  0.000000e+000  0.000000e+000  0.000000e+000  0.000000e+000  0.000000e+000  0.000000e+000  
0.000000e+000  0.000000e+000  0.000000e+000  0.000000e+000  0.000000e+000  0.000000e+000  0.000000e+000  0.000000e+000  0.000000e+000  0.000000e+000  0.000000e+000  0.000000e+000  0.000000e+000  0.000000e+000  0.000000e+000  
0.000000e+000  0.000000e+000  0.000000e+000  0.000000e+000  0.000000e+000  0.000000e+000  0.000000e+000  0.000000e+000  0.000000e+000  0.000000e+000  0.000000e+000  0.000000e+000  0.000000e+000  0.000000e+000  0.000000e+000  
0.000000e+000  0.000000e+000  0.000000e+000  0.000000e+000  0.000000e+000  0.000000e+000  0.000000e+000  0.000000e+000  0.000000e+000  0.000000e+000  0.000000e+000  0.000000e+000  0.000000e+000  0.000000e+000  0.000000e+000  
0.000000e+000  0.000000e+000  0.000000e+000  0.000000e+000  0.000000e+000  0.000000e+000  0.000000e+000  0.000000e+000  0.000000e+000  0.000000e+000  0.000000e+000  0.000000e+000  0.000000e+000  0.000000e+000  0.000000e+000  
0.000000e+000  0.000000e+000  0.000000e+000  0.000000e+000  0.000000e+000  0.000000e+000  0.000000e+000  0.000000e+000  0.000000e+000  0.000000e+000  0.000000e+000  0.000000e+000  0.000000e+000  0.000000e+000  0.000000e+000  

0.000000e+000  0.000000e+000  0.000000e+000  0.000000e+000  0.000000e+000  0.000000e+000  0.000000e+000  0.000000e+000  0.000000e+000  0.000000e+000  0.000000e+000  0.000000e+000  0.000000e+000  0.000000e+000  0.000000e+000  
0.000000e+000  0.000000e+000  0.000000e+000  0.000000e+000  0.000000e+000  0.000000e+000  0.000000e+000  0.000000e+000  0.000000e+000  0.000000e+000  0.000000e+000  0.000000e+000  0.000000e+000  0.000000e+000  0.000000e+000  
0.000000e+000  0.000000e+000  0.000000e+000  0.000000e+000  0.000000e+000  0.000000e+000  0.000000e+000  0.000000e+000  0.000000e+000  0.000000e+000  0.000000e+000  0.000000e+000  0.000000e+000  0.000000e+000  0.000000e+000  
0.000000e+000  0.000000e+000  0.000000e+000  0.000000e+000  0.000000e+000  0.000000e+000  0.000000e+000  0.000000e+000  0.000000e+000  0.000000e+000  0.000000e+000  0.000000e+000  0.000000e+000  0.000000e+000  0.000000e+000  
0.000000e+000  0.000000e+000  0.000000e+000  0.000000e+000  0.000000e+000  0.000000e+000  0.000000e+000  0.000000e+000  0.000000e+000  0.000000e+000  0.000000e+000  0.000000e+000  0.000000e+000  0.000000e+000  0.000000e+000  
0.000000e+000  0.000000e+000  0.000000e+000  0.000000e+000  0.000000e+000  0.000000e+000  0.000000e+000  0.000000e+000  0.000000e+000  0.000000e+000  0.000000e+000  0.000000e+000  0.000000e+000  0.000000e+000  0.000000e+000  
0.000000e+000  0.000000e+000  0.000000e+000  0.000000e+000  0.000000e+000  0.000000e+000  0.000000e+000  0.000000e+000  0.000000e+000  0.000000e+000  0.000000e+000  0.000000e+000  0.000000e+000  0.000000e+000  0.000000e+000  
0.000000e+000  0.000000e+000  0.000000e+000  0.000000e+000  0.000000e+000  0.000000e+000  0.000000e+000  0.000000e+000  0.000000e+000  0.000000e+000  0.000000e+000  0.000000e+000  0.000000e+000  0.000000e+000  0.000000e+000  
0.000000e+000  0.000000e+000  0.000000e+000  0.000000e+000  0.000000e+000  0.000000e+000  0.000000e+000  0.000000e+000  0.000000e+000  0.000000e+000  0.000000e+000  0.000000e+000  0.000000e+000  0.000000e+000  0.000000e+000  
0.000000e+000  0.000000e+000  0.000000e+000  0.000000e+000  0.000000e+000  0.000000e+000  0.000000e+000  0.000000e+000  0.000000e+000  0.000000e+000  0.000000e+000  0.000000e+000  0.000000e+000  0.000000e+000  0.000000e+000  
0.000000e+000  0.000000e+000  0.000000e+000  0.000000e+000  0.000000e+000  0.000000e+000  0.000000e+000  0.000000e+000  0.000000e+000  0.000000e+000  0.000000e+000  0.000000e+000  0.000000e+000  0.000000e+000  0.000000e+000  
0.000000e+000  0.000000e+000  0.000000e+000  0.000000e+000  0.000000e+000  0.000000e+000  0.000000e+000  0.000000e+000  0.000000e+000  0.000000e+000  0.000000e+000  0.000000e+000  0.000000e+000  0.000000e+000  0.000000e+000  
0.000000e+000  0.000000e+000  0.000000e+000  0.000000e+000  0.000000e+000  0.000000e+000  0.000000e+000  0.000000e+000  0.000000e+000  0.000000e+000  0.000000e+000  0.000000e+000  0.000000e+000  0.000000e+000  0.000000e+000  
0.000000e+000  0.000000e+000  0.000000e+000  0.000000e+000  0.000000e+000  0.000000e+000  0.000000e+000  0.000000e+000  0.000000e+000  0.000000e+000  0.000000e+000  0.000000e+000  0.000000e+000  0.000000e+000  0.000000e+000  
0.000000e+000  0.000000e+000  0.000000e+000  0.000000e+000  0.000000e+000  0.000000e+000  0.000000e+000  0.000000e+000  0.000000e+000  0.000000e+000  0.000000e+000  0.000000e+000  0.000000e+000  0.000000e+000  0.000000e+000  

-0.000000e+000  -0.000000e+000  -0.000000e+000  -0.000000e+000  -0.000000e+000  1.268319e-003  3.308231e-004  -5.048361e-004  -1.444919e-003  -0.000000e+000  -0.000000e+000  -0.000000e+000  -0.000000e+000  -0.000000e+000  -0.000000e+000  
-0.000000e+000  -0.000000e+000  -1.125018e-003  -3.363662e-004  5.643581e-004  4.676627e-004  1.173073e-004  -2.838133e-004  -6.373826e-004  -7.421329e-004  1.428828e-004  9.052594e-004  -0.000000e+000  -0.000000e+000  -0.000000e+000  
-0.000000e+000  1.125018e-003  -0.000000e+000  -3.529006e-005  1.952059e-004  1.875517e-004  2.572870e-005  -1.840158e-004  -3.478441e-004  -3.624439e-004  -1.490700e-004  -2.199076e-004  -1.414499e-003  -0.000000e+000  -0.000000e+000  
-0.000000e+000  3.363662e-004  3.529007e-005  -0.000000e+000  6.420385e-005  6.160948e-005  -1.792844e-005  -1.301346e-004  -2.075342e-004  -2.107285e-004  -1.568112e-004  -2.213207e-004  -6.005531e-004  -0.000000e+000  -0.000000e+000  
-0.000000e+000  -5.643581e-004  -1.952059e-004  -6.420384e-005  -0.000000e+000  1.261082e-005  -2.891733e-005  -1.110600e-004  -1.414295e-004  -1.161249e-004  -4.612562e-005  9.198904e-005  4.975647e-004  -0.000000e+000  -0.000000e+000  
-1.268319e-003  -4.676627e-004  -1.875517e-004  -6.160946e-005  -1.261081e-005  4.229129e-011  -0.000000e+000  -0.000000e+000  -1.038227e-004  -6.621596e-005  -3.555400e-006  1.378377e-004  4.520217e-004  1.361073e-003  -0.000000e+000  
-3.308231e-004  -1.173073e-004  -2.572868e-005  1.792846e-005  2.891737e-005  -0.000000e+000  -0.000000e+000  -0.000000e+000  -0.000000e+000  -5.787700e-005  -3.971774e-005  1.089561e-005  1.146286e-004  3.577467e-004  -0.000000e+000  
5.048362e-004  2.838133e-004  1.840158e-004  1.301346e-004  1.110600e-004  -0.000000e+000  -0.000000e+000  -0.000000e+000  -0.000000e+000  -8.209198e-005  -1.083342e-004  -1.691662e-004  -2.811103e-004  -5.317217e-004  -0.000000e+000  
1.444919e-003  6.373826e-004  3.478441e-004  2.075342e-004  1.414295e-004  1.038227e-004  -0.000000e+000  -0.000000e+000  -0.000000e+000  -6.259816e-005  -1.423607e-004  -2.981160e-004  -6.217188e-004  -1.537630e-003  -0.000000e+000  
-0.000000e+000  7.421329e-004  3.624439e-004  2.107285e-004  1.161249e-004  6.621596e-005  5.787700e-005  8.209200e-005  6.259817e-005  -0.000000e+000  -1.003947e-004  -2.592181e-004  -6.753227e-004  -0.000000e+000  -0.000000e+000  
-0.000000e+000  -1.428828e-004  1.490700e-004  1.568112e-004  4.612561e-005  3.555392e-006  3.971774e-005  1.083342e-004  1.423607e-004  1.003947e-004  -0.000000e+000  3.696111e-005  4.070625e-004  -0.000000e+000  -0.000000e+000  
-0.000000e+000  -9.052594e-004  2.199076e-004  2.213207e-004  -9.198904e-005  -1.378377e-004  -1.089560e-005  1.691662e-004  2.981160e-004  2.592181e-004  -3.696110e-005  -0.000000e+000  1.194733e-003  -0.000000e+000  -0.000000e+000  
-0.000000e+000  -0.000000e+000  1.414499e-003  6.005531e-004  -4.975647e-004  -4.520217e-004  -1.146286e-004  2.811103e-004  6.217188e-004  6.753227e-004  -4.070625e-004  -1.194733e-003  -0.000000e+000  -0.000000e+000  -0.000000e+000  
-0.000000e+000  -0.000000e+000  -0.000000e+000  -0.000000e+000  -0.000000e+000  -1.361073e-003  -3.577467e-004  5.317218e-004  1.537630e-003  -0.000000e+000  -0.000000e+000  -0.000000e+000  -0.000000e+000  -0.000000e+000  -0.000000e+000  
-0.000000e+000  -0.000000e+000  -0.000000e+000  -0.000000e+000  -0.000000e+000  -0.000000e+000  -0.000000e+000  -0.000000e+000  -0.000000e+000  -0.000000e+000  -0.000000e+000  -0.000000e+000  -0.000000e+000  -0.000000e+000  -0.000000e+000  

